<?xml version="1.0" encoding="UTF-8"?>
<!-- Generated by org.testng.reporters.JUnitReportReporter -->
<testsuite hostname="LAPTOP-3ML7PH3M" failures="0" tests="1" name="CcreateContactTestscripts.createContactTest" time="0.010" errors="0" timestamp="2022-01-30T18:23:16 IST" skipped="0">
  <testcase classname="CcreateContactTestscripts.createContactTest" name="createContact" time="0.010"/>
  <system-out/>
</testsuite> <!-- CcreateContactTestscripts.createContactTest -->
