<?xml version="1.0" encoding="UTF-8"?>
<!-- Generated by org.testng.reporters.JUnitReportReporter -->
<testsuite hostname="LAPTOP-3ML7PH3M" failures="0" tests="1" name="CreateOrganizationTestscripts.createLeadTest" time="0.005" errors="0" timestamp="2022-01-26T17:26:00 IST" skipped="0">
  <testcase classname="CreateOrganizationTestscripts.createLeadTest" name="createOrgWithLead" time="0.005"/>
  <system-out/>
</testsuite> <!-- CreateOrganizationTestscripts.createLeadTest -->
