<?xml version="1.0" encoding="UTF-8"?>
<!-- Generated by org.testng.reporters.JUnitReportReporter -->
<testsuite hostname="LAPTOP-3ML7PH3M" failures="0" tests="1" name="CreateOrganizationTestscripts.createOrgTest" time="0.005" errors="0" timestamp="2022-01-26T17:02:52 IST" skipped="0">
  <testcase classname="CreateOrganizationTestscripts.createOrgTest" name="createOrgTest" time="0.005"/>
  <system-out/>
</testsuite> <!-- CreateOrganizationTestscripts.createOrgTest -->
